A+B Problem
C语言程序设计教程（第三版）课后习题1.5
C语言程序设计教程（第三版）课后习题1.6
C语言程序设计教程（第三版）课后习题3.7
C语言程序设计教程（第三版）课后习题4.9
C语言程序设计教程（第三版）课后习题5.4
C语言程序设计教程（第三版）课后习题5.5
C语言程序设计教程（第三版）课后习题5.6
C语言程序设计教程（第三版）课后习题5.7
C语言程序设计教程（第三版）课后习题5.8
C语言程序设计教程（第三版）课后习题6.1
C语言程序设计教程（第三版）课后习题6.2
C语言程序设计教程（第三版）课后习题6.3
C语言程序设计教程（第三版）课后习题6.4
C语言程序设计教程（第三版）课后习题6.5
C语言程序设计教程（第三版）课后习题6.6
C语言程序设计教程（第三版）课后习题6.7
C语言程序设计教程（第三版）课后习题6.8
C语言程序设计教程（第三版）课后习题6.9
C语言程序设计教程（第三版）课后习题6.10
C语言程序设计教程（第三版）课后习题6.11
C语言程序设计教程（第三版）课后习题7.1
C语言程序设计教程（第三版）课后习题7.2
C语言程序设计教程（第三版）课后习题7.3
C语言程序设计教程（第三版）课后习题7.4
C语言程序设计教程（第三版）课后习题7.5
C语言程序设计教程（第三版）课后习题8.1
C语言程序设计教程（第三版）课后习题8.2
C语言程序设计教程（第三版）课后习题8.3
C语言程序设计教程（第三版）课后习题8.4
C语言程序设计教程（第三版）课后习题8.5
C语言程序设计教程（第三版）课后习题8.6
C语言程序设计教程（第三版）课后习题8.7
C语言程序设计教程（第三版）课后习题8.8
C语言程序设计教程（第三版）课后习题8.9
C语言程序设计教程（第三版）课后习题9.1
C语言程序设计教程（第三版）课后习题9.2
C语言程序设计教程（第三版）课后习题9.3
C语言程序设计教程（第三版）课后习题9.4
C语言程序设计教程（第三版）课后习题9.6
C语言程序设计教程（第三版）课后习题9.8
C语言程序设计教程（第三版）课后习题9.10
C语言程序设计教程（第三版）课后习题10.1
C语言程序设计教程（第三版）课后习题10.2
C语言程序设计教程（第三版）课后习题10.3
C语言程序设计教程（第三版）课后习题10.4
C语言程序设计教程（第三版）课后习题10.5
C语言程序设计教程（第三版）课后习题10.7
C语言程序设计教程（第三版）课后习题11.1
C语言程序设计教程（第三版）课后习题11.3
C语言程序设计教程（第三版）课后习题11.5
C语言程序设计教程（第三版）课后习题11.8
0001
圆的分划
简单计算器
I am sorry!
 求最小公倍数
重排奇偶数组
乘法口诀
水仙花数
平面四边形面积
输出美元格式
谁是猴王
自闭的孩子买菜
看英文小说
特殊矩阵
颠倒的数字
Maya Calendar
N！
能被3和11整除吗？
肿瘤面积
A+B (  I  )
A+B (  II  )
A+B (  III )
坐标轴上两点间距离
平方和~
直线与坐标轴围成的面积
简单的日期计算
兔子繁殖
取金币~~~
统计1,5,10出现的次数
汉诺塔
A>=B?
字符转换~~
打印等腰三角形~~~
求数据中第二小的数
括号匹配
找最大数序列
昂贵的聘礼
Hangover
Charm Bracelet
DNA Sorting
重建二叉树
Just for 晚餐~ 
你是我的……？
请叫我电子表
就决定是你了！
中间人
一起来LOL吧~
友元数字
高数旅馆
Dota反黑模式
进制转换
排队你懂的
订单、箱子和邮费~
Box of Bricks
立体的切割
分数等级
学生成绩排名
特殊的计算
筛选法求所有素数
求一个数的真因子之和
台球
补刀
学姐需要你们
学姐的恶搞指数
学姐又来了····
学姐买鸡问题
猪流感病毒
学生成绩排名
判断闰年
国名排序
生日相同
逆序数问题
求三个整型数的最大值最小值平均值
字符串反转
Guess
Repeat Number
Base64 Coding
Distance
Graph
Lucky Numbers
A Coin Tossing Game
Semiconnected
Picking Cabbage
Traveling
Prime Factors
汽水瓶
弟弟的作业
数字整除
台球碰撞
内部收益率
Biggest Number
Repairing a Road
射击游戏
战场的数目
Infinite Dictionaries
Tetrahedrons and Spheres
奖学金
数字统计
数字三角形
MM找数列
迷路的MM
阶乘统计
MM玩数独
又见A+B
最短路
校门外的树
两倍
数字累加
序号互换
节能
表达式求值 
奇怪的排序
最强DE 战斗力
网络的可靠性
虚拟的城市之旅
聪明的KK
Dinner
You are my brother
Time
SPY
Intermediary
English Game
Friends number
Happiness Hotel
NEW RDSP MODE I
Brike
Detect
Senior 
Maxm
String
Ride and walk
The Period Of Prefix
讨厌的字符串
Fibonacci
Speed Limit
数根
数组排序
求三个数中最大的
求最大公约数和最小公倍数
第K小的数字
求三个数中最大的
经典水题水一波
进制转换
经典A+B
Project Arrangement
A == B ?
String decryption
  Large integer subtraction
A person's travel
简单DFS
解密
是树，非树
基础判断：简单计算
数根(Small)
一道简单的数学题
字符串加密
栈队列
Minimum’s Revenge
网络信息安全
Water problem
二叉树基本操作
判等
最大子段和
确定进制
单词翻转
The Triangle
Fibonacci Again
我也不知道取个什么名字
我就想看电视
求M的M次方的首位
A题
B题
C题
亲和串
Find The Bone
Apple
分数线划定
饭卡
马老师的教导
Oil Deposits
单词数
砍树
木材加工
剪布条
搜索
最大子段和升级！！第二形态
民大同学的新任务
民大同学的新任务（简单）
Zball in Tina Town
小平爱吃饭
有经验的老司机
寻找图片
奇怪的收费方式
爱吃棒棒糖的小朋友
这道题是送的
密码
图书馆的书
变形金刚
字符串的Sum值
电力系统
OJ规则
建设电力系统
打印十字图
大臣的旅费 
带分数
地宫取宝  
翻硬币
