2014081101
2014081104
2014081105
2014081107
2014081109
2014081110
2014081111
2014081112
2014081113
2014081114
2014081115
2014081116
2014081117
2014081122
2014081124
2014081125
2014081126
2014081127
2014081128
2014081201
2014081201
2014081203
2014081204
2014081210
2014081211
2014081212
2014081213
2014081214
2014081215
2014081217
2014081219
2014081220
2014081222
2014081225
2014081227
2014081228
2014081301
2014081301
2014081302
2014081304
2014081307
2014081308
2014081309
2014081312
2014081313
2014081316
2014081320
2014081323
2014081324
2014081401
2014081401
2014081403
2014081406
2014081410
2014081411
2014081413
2014081414
2014081419
2014081421
2014081423
2014081424
2014081426
2014081427
2014081501
2014081501
2014081502
2014081504
2014081505
2014081507
2014081509
2014081510
2014081511
2014081515
2014081519
2014081520
2014081521
2014081522
2014081524
2014081525
2014081526
2014081528
2014081603
2014081605
2014081606
2014081607
2014081609
2014081611
2014081612
2014081615
2014081617
2014081618
2014081619
2014081621
2014081622
2014081623
2014081624
2014081625
2014081626
2014081627
2014081628
2014082102
2014082103
2014082105
2014082106
2014082111
2014082112
2014082114
2014082116
2014082117
2014082120
2014082121
2014082123
2014082125
2014082126
2014082127
2014082128
2014082129
2014082130
2014082201
2014082201
2014082202
2014082203
2014082204
2014082205
2014082207
2014082210
2014082211
2014082212
2014082213
2014082214
2014082215
2014082216
2014082217
2014082218
2014082220
2014082221
2014082222
2014082223
2014082225
2014082226
2014082227
2014082229
2014082230
2014082301
2014082301
2014082305
2014082307
2014082308
2014082311
2014082312
2014082314
2014082315
2014082316
2014082317
2014082318
2014082321
2014082325
2014082327
2014082328
2014082330
2014082401
2014082401
2014082402
2014082403
2014082405
2014082409
2014082411
2014082414
2014082415
2014082416
2014082417
2014082418
2014082419
2014082420
2014082421
2014082423
2014082427
2014082429
2014082430
2014083103
2014083112
2014083204
2014083316
2014083403
2014083408
2014083425
2015081103
2015081108
2015081109
2015081115
2015081116
2015081117
2015081118
2015081120
2015081121
2015081122
2015081123
2015081124
2015081125
2015081127
2015081132
2015081133
2015081201
2015081201
2015081202
2015081203
2015081205
2015081206
2015081207
2015081209
2015081210
2015081211
2015081213
2015081216
2015081218
2015081219
2015081222
2015081224
2015081225
2015081226
2015081227
2015081228
2015081230
2015081231
2015081232
2015081301
2015081301
2015081302
2015081303
2015081304
2015081305
2015081306
2015081307
2015081308
2015081309
2015081311
2015081312
2015081313
2015081314
2015081315
2015081316
2015081317
2015081318
2015081319
2015081320
2015081321
2015081322
2015081323
2015081324
2015081326
2015081328
2015081329
2015081401
2015081401
2015081402
2015081403
2015081404
2015081405
2015081406
2015081407
2015081408
2015081409
2015081410
2015081411
2015081412
2015081413
2015081414
2015081415
2015081416
2015081417
2015081418
2015081419
2015081420
2015081421
2015081422
2015081424
2015081425
2015081426
2015081427
2015081502
2015081506
2015081508
2015081509
2015081510
2015081511
2015081512
2015081515
2015081517
2015081518
2015081519
2015081522
2015081524
2015081525
2015081526
2015081601
2015081601
2015081602
2015081603
2015081604
2015081608
2015081609
2015081611
2015081613
2015081614
2015081615
2015081619
2015081621
2015081623
2015081624
2015081625
2015081626
2015081627
2015082101
2015082101
2015082101
2015082102
2015082106
2015082107
2015082109
2015082110
2015082111
2015082112
2015082113
2015082114
2015082115
2015082116
2015082117
2015082119
2015082120
2015082122
2015082123
2015082126
2015082128
2015082129
2015082130
2015082131
2015082201
2015082201
2015082202
2015082203
2015082204
2015082206
2015082207
2015082210
2015082211
2015082212
2015082213
2015082214
2015082215
2015082216
2015082217
2015082218
2015082219
2015082220
2015082221
2015082223
2015082224
2015082225
2015082227
2015082230
2015082231
2015082301
2015082301
2015082303
2015082304
2015082306
2015082307
2015082311
2015082312
2015082313
2015082316
2015082317
2015082322
2015082324
2015082325
2015082326
2015082327
2015082328
2015082401
2015082401
2015082402
2015082404
2015082405
2015082406
2015082407
2015082409
2015082410
2015082411
2015082412
2015082413
2015082415
2015082416
2015082417
2015082418
2015082419
2015082420
2015082421
2015082423
2015082424
2015082425
2015082426
2015082427
2015082428
2015083109
2015083110
2015083111
2015083113
2015083114
2015083115
2015083117
2015083124
2015083125
2015083126
2015083130
2015083131
2015083132
2015083201
2015083201
2015083202
2015083203
2015083204
2015083205
2015083207
2015083210
2015083212
2015083213
2015083215
2015083216
2015083217
2015083219
2015083220
2015083221
2015083224
2015083225
2015083226
2015083227
2015083229
2015083302
2015083309
2015083311
2015083312
2015083314
2015083316
2015083319
2015083326
2015083402
2015083403
2015083404
2015083405
2015083406
2015083407
2015083408
2015083410
2015083411
2015083412
2015083415
2015083420
2015083421
2015083422
2015083423
2015083424
2015083426
2015083427
2016081101
2016081102
2016081103
2016081106
2016081107
2016081108
2016081112
2016081113
2016081114
2016081115
2016081116
2016081117
2016081119
2016081123
2016081124
2016081125
2016081126
2016081127
2016081129
2016081130
2016081131
2016081132
2016081203
2016081204
2016081205
2016081206
2016081207
2016081208
2016081209
2016081211
2016081215
2016081216
2016081218
2016081219
2016081222
2016081225
2016081226
2016081227
2016081230
2016081302
2016081303
2016081304
2016081305
2016081308
2016081309
2016081310
2016081311
2016081312
2016081313
2016081314
2016081316
2016081317
2016081318
2016081319
2016081320
2016081321
2016081324
2016081325
2016081326
2016081328
2016081401
2016081401
2016081403
2016081404
2016081405
2016081406
2016081407
2016081409
2016081410
2016081411
2016081412
2016081413
2016081414
2016081415
2016081417
2016081418
2016081419
2016081421
2016081422
2016081423
2016081424
2016081425
2016081426
2016081501
2016081501
2016081502
2016081503
2016081504
2016081505
2016081506
2016081507
2016081508
2016081509
2016081510
2016081511
2016081512
2016081513
2016081514
2016081515
2016081516
2016081517
2016081518
2016081520
2016081521
2016081522
2016081523
2016081524
2016081525
2016081526
2016081527
2016081528
2016081601
2016081601
2016081602
2016081603
2016081604
2016081605
2016081606
2016081607
2016081609
2016081610
2016081611
2016081612
2016081613
2016081614
2016081615
2016081616
2016081617
2016081618
2016081619
2016081620
2016081621
2016081622
2016081623
2016081624
2016081625
2016081626
2016081627
2016082101
2016082101
2016082101
2016082102
2016082103
2016082104
2016082105
2016082106
2016082107
2016082108
2016082109
2016082110
2016082111
2016082112
2016082113
2016082114
2016082115
2016082116
2016082117
2016082118
2016082119
2016082120
2016082121
2016082122
2016082123
2016082124
2016082125
2016082126
2016082128
2016082129
2016082130
2016082131
2016082132
2016082133
2016082134
2016082201
2016082201
2016082202
2016082203
2016082204
2016082205
2016082206
2016082207
2016082208
2016082209
2016082210
2016082211
2016082212
2016082213
2016082214
2016082215
2016082216
2016082217
2016082218
2016082219
2016082220
2016082221
2016082222
2016082223
2016082224
2016082225
2016082226
2016082227
2016082301
2016082301
2016082302
2016082303
2016082304
2016082305
2016082307
2016082308
2016082309
2016082310
2016082311
2016082312
2016082313
2016082314
2016082316
2016082317
2016082318
2016082319
2016082320
2016082321
2016082322
2016082323
2016082324
2016082325
2016082326
2016082327
2016082401
2016082401
2016082403
2016082405
2016082406
2016082407
2016082408
2016082409
2016082410
2016082411
2016082412
2016082414
2016082416
2016082417
2016082419
2016082420
2016082421
2016082422
2016082423
2016082425
2016082427
2016083101
2016083101
2016083101
2016083104
2016083105
2016083106
2016083107
2016083110
2016083111
2016083114
2016083118
2016083119
2016083120
2016083121
2016083122
2016083124
2016083125
2016083128
2016083129
2016083130
2016083132
2016083133
2016083134
2016083201
2016083201
2016083202
2016083204
2016083205
2016083207
2016083208
2016083212
2016083213
2016083214
2016083215
2016083217
2016083219
2016083221
2016083222
2016083223
2016083224
2016083226
2016083228
2016083301
2016083301
2016083302
2016083305
2016083314
2016083315
2016083317
2016083324
2016083325
2016083327
2016083401
2016083401
2016083402
2016083404
2016083409
2016083410
2016083416
2016083418
2016083421
